[0.013s] Invoking command in '/home/sirapoob/tortoNvidia_ws/build/torto_description': CMAKE_PREFIX_PATH=${CMAKE_PREFIX_PATH}:/home/sirapoob/ros2Study_ws/install/my_py_pkg:/opt/ros/jazzy DEBUGINFOD_URLS=https://debuginfod.ubuntu.com /usr/bin/cmake --build /home/sirapoob/tortoNvidia_ws/build/torto_description -- -j16 -l16
[0.033s] -- Found ament_cmake: 2.5.3 (/opt/ros/jazzy/share/ament_cmake/cmake)
[0.222s] -- Override CMake install command with custom implementation using symlinks instead of copying resources
[0.319s] -- Configuring done (0.3s)
[0.321s] -- Generating done (0.0s)
[0.323s] -- Build files have been written to: /home/sirapoob/tortoNvidia_ws/build/torto_description
[0.340s] Invoked command in '/home/sirapoob/tortoNvidia_ws/build/torto_description' returned '0': CMAKE_PREFIX_PATH=${CMAKE_PREFIX_PATH}:/home/sirapoob/ros2Study_ws/install/my_py_pkg:/opt/ros/jazzy DEBUGINFOD_URLS=https://debuginfod.ubuntu.com /usr/bin/cmake --build /home/sirapoob/tortoNvidia_ws/build/torto_description -- -j16 -l16
[0.347s] Invoking command in '/home/sirapoob/tortoNvidia_ws/build/torto_description': CMAKE_PREFIX_PATH=${CMAKE_PREFIX_PATH}:/home/sirapoob/ros2Study_ws/install/my_py_pkg:/opt/ros/jazzy DEBUGINFOD_URLS=https://debuginfod.ubuntu.com /usr/bin/cmake --install /home/sirapoob/tortoNvidia_ws/build/torto_description
[0.352s] -- Install configuration: ""
[0.353s] -- Execute custom install script
[0.353s] -- Up-to-date symlink: /home/sirapoob/tortoNvidia_ws/install/torto_description/share/torto_description//urdf/torto.urdf
[0.353s] -- Up-to-date symlink: /home/sirapoob/tortoNvidia_ws/install/torto_description/share/torto_description//launch/display.launch.xml
[0.354s] -- Up-to-date symlink: /home/sirapoob/tortoNvidia_ws/install/torto_description/share/torto_description//meshes/frame/torto_Body.stl
[0.354s] -- Up-to-date symlink: /home/sirapoob/tortoNvidia_ws/install/torto_description/share/torto_description//meshes/frame/torto_detoid_FLBR.stl
[0.354s] -- Up-to-date symlink: /home/sirapoob/tortoNvidia_ws/install/torto_description/share/torto_description//meshes/frame/torto_detoid_FRBL.stl
[0.354s] -- Up-to-date symlink: /home/sirapoob/tortoNvidia_ws/install/torto_description/share/torto_description//meshes/frame/torto_femur_FLBR.stl
[0.354s] -- Up-to-date symlink: /home/sirapoob/tortoNvidia_ws/install/torto_description/share/torto_description//meshes/frame/torto_femur_FRBL.stl
[0.354s] -- Up-to-date symlink: /home/sirapoob/tortoNvidia_ws/install/torto_description/share/torto_description//meshes/frame/torto_hamquad_FLBR.stl
[0.354s] -- Up-to-date symlink: /home/sirapoob/tortoNvidia_ws/install/torto_description/share/torto_description//meshes/frame/torto_hamquad_FRBL.stl
[0.354s] -- Up-to-date symlink: /home/sirapoob/tortoNvidia_ws/install/torto_description/share/torto_description//meshes/frame/torto_hip_FLBR.stl
[0.354s] -- Up-to-date symlink: /home/sirapoob/tortoNvidia_ws/install/torto_description/share/torto_description//meshes/frame/torto_hip_FRBL.stl
[0.354s] -- Up-to-date symlink: /home/sirapoob/tortoNvidia_ws/install/torto_description/share/torto_description//meshes/frame/torto_servo_arm.stl
[0.355s] -- Up-to-date symlink: /home/sirapoob/tortoNvidia_ws/install/torto_description/share/torto_description//meshes/frame/torto_tibia_FLBR.stl
[0.355s] -- Up-to-date symlink: /home/sirapoob/tortoNvidia_ws/install/torto_description/share/torto_description//meshes/frame/torto_tibia_FRBL.stl
[0.355s] -- Symlinking: /home/sirapoob/tortoNvidia_ws/install/torto_description/share/torto_description//rviz/urdf_config.rviz
[0.361s] -- Up-to-date symlink: /home/sirapoob/tortoNvidia_ws/install/torto_description/share/ament_index/resource_index/package_run_dependencies/torto_description
[0.362s] -- Up-to-date symlink: /home/sirapoob/tortoNvidia_ws/install/torto_description/share/ament_index/resource_index/parent_prefix_path/torto_description
[0.362s] -- Up-to-date symlink: /home/sirapoob/tortoNvidia_ws/install/torto_description/share/torto_description/environment/ament_prefix_path.sh
[0.362s] -- Up-to-date symlink: /home/sirapoob/tortoNvidia_ws/install/torto_description/share/torto_description/environment/ament_prefix_path.dsv
[0.362s] -- Up-to-date symlink: /home/sirapoob/tortoNvidia_ws/install/torto_description/share/torto_description/environment/path.sh
[0.362s] -- Up-to-date symlink: /home/sirapoob/tortoNvidia_ws/install/torto_description/share/torto_description/environment/path.dsv
[0.362s] -- Up-to-date symlink: /home/sirapoob/tortoNvidia_ws/install/torto_description/share/torto_description/local_setup.bash
[0.362s] -- Up-to-date symlink: /home/sirapoob/tortoNvidia_ws/install/torto_description/share/torto_description/local_setup.sh
[0.363s] -- Up-to-date symlink: /home/sirapoob/tortoNvidia_ws/install/torto_description/share/torto_description/local_setup.zsh
[0.363s] -- Up-to-date symlink: /home/sirapoob/tortoNvidia_ws/install/torto_description/share/torto_description/local_setup.dsv
[0.363s] -- Symlinking: /home/sirapoob/tortoNvidia_ws/install/torto_description/share/torto_description/package.dsv
[0.369s] -- Up-to-date symlink: /home/sirapoob/tortoNvidia_ws/install/torto_description/share/ament_index/resource_index/packages/torto_description
[0.369s] -- Up-to-date symlink: /home/sirapoob/tortoNvidia_ws/install/torto_description/share/torto_description/cmake/torto_descriptionConfig.cmake
[0.370s] -- Up-to-date symlink: /home/sirapoob/tortoNvidia_ws/install/torto_description/share/torto_description/cmake/torto_descriptionConfig-version.cmake
[0.370s] -- Up-to-date symlink: /home/sirapoob/tortoNvidia_ws/install/torto_description/share/torto_description/package.xml
[0.371s] Invoked command in '/home/sirapoob/tortoNvidia_ws/build/torto_description' returned '0': CMAKE_PREFIX_PATH=${CMAKE_PREFIX_PATH}:/home/sirapoob/ros2Study_ws/install/my_py_pkg:/opt/ros/jazzy DEBUGINFOD_URLS=https://debuginfod.ubuntu.com /usr/bin/cmake --install /home/sirapoob/tortoNvidia_ws/build/torto_description
