[0.193s] DEBUG:colcon:Command line arguments: ['/usr/bin/colcon', 'build', '--symlink-install']
[0.193s] DEBUG:colcon:Parsed command line arguments: Namespace(log_base=None, log_level=None, verb_name='build', build_base='build', install_base='install', merge_install=False, symlink_install=True, test_result_base=None, continue_on_error=False, executor='parallel', parallel_workers=16, event_handlers=None, ignore_user_meta=False, metas=['./colcon.meta'], base_paths=['.'], packages_ignore=None, packages_ignore_regex=None, paths=None, packages_up_to=None, packages_up_to_regex=None, packages_above=None, packages_above_and_dependencies=None, packages_above_depth=None, packages_select_by_dep=None, packages_skip_by_dep=None, packages_skip_up_to=None, packages_select_build_failed=False, packages_skip_build_finished=False, packages_select_test_failures=False, packages_skip_test_passed=False, packages_select=None, packages_skip=None, packages_select_regex=None, packages_skip_regex=None, packages_start=None, packages_end=None, allow_overriding=[], cmake_args=None, cmake_target=None, cmake_target_skip_unavailable=False, cmake_clean_cache=False, cmake_clean_first=False, cmake_force_configure=False, ament_cmake_args=None, catkin_cmake_args=None, catkin_skip_building_tests=False, mixin_files=None, mixin=None, verb_parser=<colcon_mixin.mixin.mixin_argument.MixinArgumentDecorator object at 0x717f022091f0>, verb_extension=<colcon_core.verb.build.BuildVerb object at 0x717f02208aa0>, main=<bound method BuildVerb.main of <colcon_core.verb.build.BuildVerb object at 0x717f02208aa0>>, mixin_verb=('build',))
[0.248s] Level 1:colcon.colcon_core.package_discovery:discover_packages(colcon_meta) check parameters
[0.248s] Level 1:colcon.colcon_core.package_discovery:discover_packages(recursive) check parameters
[0.248s] Level 1:colcon.colcon_core.package_discovery:discover_packages(ignore) check parameters
[0.248s] Level 1:colcon.colcon_core.package_discovery:discover_packages(path) check parameters
[0.248s] Level 1:colcon.colcon_core.package_discovery:discover_packages(colcon_meta) discover
[0.248s] Level 1:colcon.colcon_core.package_discovery:discover_packages(recursive) discover
[0.248s] INFO:colcon.colcon_core.package_discovery:Crawling recursively for packages in '/home/sirapoob/tortoNvidia_ws'
[0.248s] Level 1:colcon.colcon_core.package_identification:_identify(.) by extensions ['ignore', 'ignore_ament_install']
[0.248s] Level 1:colcon.colcon_core.package_identification:_identify(.) by extension 'ignore'
[0.248s] Level 1:colcon.colcon_core.package_identification:_identify(.) by extension 'ignore_ament_install'
[0.248s] Level 1:colcon.colcon_core.package_identification:_identify(.) by extensions ['colcon_pkg']
[0.248s] Level 1:colcon.colcon_core.package_identification:_identify(.) by extension 'colcon_pkg'
[0.248s] Level 1:colcon.colcon_core.package_identification:_identify(.) by extensions ['colcon_meta']
[0.248s] Level 1:colcon.colcon_core.package_identification:_identify(.) by extension 'colcon_meta'
[0.248s] Level 1:colcon.colcon_core.package_identification:_identify(.) by extensions ['ros']
[0.248s] Level 1:colcon.colcon_core.package_identification:_identify(.) by extension 'ros'
[0.281s] Level 1:colcon.colcon_core.package_identification:_identify(.) by extensions ['cmake', 'python']
[0.281s] Level 1:colcon.colcon_core.package_identification:_identify(.) by extension 'cmake'
[0.281s] Level 1:colcon.colcon_core.package_identification:_identify(.) by extension 'python'
[0.281s] Level 1:colcon.colcon_core.package_identification:_identify(.) by extensions ['python_setup_py']
[0.281s] Level 1:colcon.colcon_core.package_identification:_identify(.) by extension 'python_setup_py'
[0.282s] Level 1:colcon.colcon_core.package_identification:_identify(build) by extensions ['ignore', 'ignore_ament_install']
[0.282s] Level 1:colcon.colcon_core.package_identification:_identify(build) by extension 'ignore'
[0.282s] Level 1:colcon.colcon_core.package_identification:_identify(build) ignored
[0.282s] Level 1:colcon.colcon_core.package_identification:_identify(install) by extensions ['ignore', 'ignore_ament_install']
[0.282s] Level 1:colcon.colcon_core.package_identification:_identify(install) by extension 'ignore'
[0.282s] Level 1:colcon.colcon_core.package_identification:_identify(install) ignored
[0.282s] Level 1:colcon.colcon_core.package_identification:_identify(log) by extensions ['ignore', 'ignore_ament_install']
[0.282s] Level 1:colcon.colcon_core.package_identification:_identify(log) by extension 'ignore'
[0.282s] Level 1:colcon.colcon_core.package_identification:_identify(log) ignored
[0.282s] Level 1:colcon.colcon_core.package_identification:_identify(src) by extensions ['ignore', 'ignore_ament_install']
[0.282s] Level 1:colcon.colcon_core.package_identification:_identify(src) by extension 'ignore'
[0.282s] Level 1:colcon.colcon_core.package_identification:_identify(src) by extension 'ignore_ament_install'
[0.282s] Level 1:colcon.colcon_core.package_identification:_identify(src) by extensions ['colcon_pkg']
[0.282s] Level 1:colcon.colcon_core.package_identification:_identify(src) by extension 'colcon_pkg'
[0.282s] Level 1:colcon.colcon_core.package_identification:_identify(src) by extensions ['colcon_meta']
[0.282s] Level 1:colcon.colcon_core.package_identification:_identify(src) by extension 'colcon_meta'
[0.283s] Level 1:colcon.colcon_core.package_identification:_identify(src) by extensions ['ros']
[0.283s] Level 1:colcon.colcon_core.package_identification:_identify(src) by extension 'ros'
[0.283s] Level 1:colcon.colcon_core.package_identification:_identify(src) by extensions ['cmake', 'python']
[0.283s] Level 1:colcon.colcon_core.package_identification:_identify(src) by extension 'cmake'
[0.283s] Level 1:colcon.colcon_core.package_identification:_identify(src) by extension 'python'
[0.283s] Level 1:colcon.colcon_core.package_identification:_identify(src) by extensions ['python_setup_py']
[0.283s] Level 1:colcon.colcon_core.package_identification:_identify(src) by extension 'python_setup_py'
[0.283s] Level 1:colcon.colcon_core.package_identification:_identify(src/torto_description) by extensions ['ignore', 'ignore_ament_install']
[0.283s] Level 1:colcon.colcon_core.package_identification:_identify(src/torto_description) by extension 'ignore'
[0.283s] Level 1:colcon.colcon_core.package_identification:_identify(src/torto_description) by extension 'ignore_ament_install'
[0.283s] Level 1:colcon.colcon_core.package_identification:_identify(src/torto_description) by extensions ['colcon_pkg']
[0.283s] Level 1:colcon.colcon_core.package_identification:_identify(src/torto_description) by extension 'colcon_pkg'
[0.283s] Level 1:colcon.colcon_core.package_identification:_identify(src/torto_description) by extensions ['colcon_meta']
[0.283s] Level 1:colcon.colcon_core.package_identification:_identify(src/torto_description) by extension 'colcon_meta'
[0.283s] Level 1:colcon.colcon_core.package_identification:_identify(src/torto_description) by extensions ['ros']
[0.283s] Level 1:colcon.colcon_core.package_identification:_identify(src/torto_description) by extension 'ros'
[0.287s] DEBUG:colcon.colcon_core.package_identification:Package 'src/torto_description' with type 'ros.ament_cmake' and name 'torto_description'
[0.288s] Level 1:colcon.colcon_core.package_discovery:discover_packages(recursive) using defaults
[0.288s] Level 1:colcon.colcon_core.package_discovery:discover_packages(ignore) discover
[0.288s] Level 1:colcon.colcon_core.package_discovery:discover_packages(ignore) using defaults
[0.288s] Level 1:colcon.colcon_core.package_discovery:discover_packages(path) discover
[0.288s] Level 1:colcon.colcon_core.package_discovery:discover_packages(path) using defaults
[0.310s] Level 1:colcon.colcon_core.package_discovery:discover_packages(prefix_path) check parameters
[0.310s] Level 1:colcon.colcon_core.package_discovery:discover_packages(prefix_path) discover
[0.314s] DEBUG:colcon.colcon_installed_package_information.package_discovery:Found 1 installed packages in /home/sirapoob/tortoNvidia_ws/install
[0.315s] DEBUG:colcon.colcon_installed_package_information.package_discovery:Found 2 installed packages in /home/sirapoob/ros2Study_ws/install
[0.316s] DEBUG:colcon.colcon_installed_package_information.package_discovery:Found 290 installed packages in /opt/ros/jazzy
[0.317s] Level 1:colcon.colcon_core.package_discovery:discover_packages(prefix_path) using defaults
[0.365s] Level 5:colcon.colcon_core.verb:set package 'torto_description' build argument 'cmake_args' from command line to 'None'
[0.365s] Level 5:colcon.colcon_core.verb:set package 'torto_description' build argument 'cmake_target' from command line to 'None'
[0.366s] Level 5:colcon.colcon_core.verb:set package 'torto_description' build argument 'cmake_target_skip_unavailable' from command line to 'False'
[0.366s] Level 5:colcon.colcon_core.verb:set package 'torto_description' build argument 'cmake_clean_cache' from command line to 'False'
[0.366s] Level 5:colcon.colcon_core.verb:set package 'torto_description' build argument 'cmake_clean_first' from command line to 'False'
[0.366s] Level 5:colcon.colcon_core.verb:set package 'torto_description' build argument 'cmake_force_configure' from command line to 'False'
[0.366s] Level 5:colcon.colcon_core.verb:set package 'torto_description' build argument 'ament_cmake_args' from command line to 'None'
[0.366s] Level 5:colcon.colcon_core.verb:set package 'torto_description' build argument 'catkin_cmake_args' from command line to 'None'
[0.366s] Level 5:colcon.colcon_core.verb:set package 'torto_description' build argument 'catkin_skip_building_tests' from command line to 'False'
[0.366s] DEBUG:colcon.colcon_core.verb:Building package 'torto_description' with the following arguments: {'ament_cmake_args': None, 'build_base': '/home/sirapoob/tortoNvidia_ws/build/torto_description', 'catkin_cmake_args': None, 'catkin_skip_building_tests': False, 'cmake_args': None, 'cmake_clean_cache': False, 'cmake_clean_first': False, 'cmake_force_configure': False, 'cmake_target': None, 'cmake_target_skip_unavailable': False, 'install_base': '/home/sirapoob/tortoNvidia_ws/install/torto_description', 'merge_install': False, 'path': '/home/sirapoob/tortoNvidia_ws/src/torto_description', 'symlink_install': True, 'test_result_base': None}
[0.366s] INFO:colcon.colcon_core.executor:Executing jobs using 'parallel' executor
[0.367s] DEBUG:colcon.colcon_parallel_executor.executor.parallel:run_until_complete
[0.367s] INFO:colcon.colcon_ros.task.ament_cmake.build:Building ROS package in '/home/sirapoob/tortoNvidia_ws/src/torto_description' with build type 'ament_cmake'
[0.367s] INFO:colcon.colcon_cmake.task.cmake.build:Building CMake package in '/home/sirapoob/tortoNvidia_ws/src/torto_description'
[0.373s] INFO:colcon.colcon_core.plugin_system:Skipping extension 'colcon_core.shell.bat': Not used on non-Windows systems
[0.373s] INFO:colcon.colcon_core.shell:Skip shell extension 'powershell' for command environment: Not usable outside of PowerShell
[0.373s] DEBUG:colcon.colcon_core.shell:Skip shell extension 'dsv' for command environment
[0.381s] DEBUG:colcon.colcon_core.event_handler.log_command:Invoking command in '/home/sirapoob/tortoNvidia_ws/build/torto_description': CMAKE_PREFIX_PATH=${CMAKE_PREFIX_PATH}:/home/sirapoob/ros2Study_ws/install/my_py_pkg:/opt/ros/jazzy DEBUGINFOD_URLS=https://debuginfod.ubuntu.com /usr/bin/cmake /home/sirapoob/tortoNvidia_ws/src/torto_description -DAMENT_CMAKE_SYMLINK_INSTALL=1 -DCMAKE_INSTALL_PREFIX=/home/sirapoob/tortoNvidia_ws/install/torto_description
[0.708s] DEBUG:colcon.colcon_core.event_handler.log_command:Invoked command in '/home/sirapoob/tortoNvidia_ws/build/torto_description' returned '0': CMAKE_PREFIX_PATH=${CMAKE_PREFIX_PATH}:/home/sirapoob/ros2Study_ws/install/my_py_pkg:/opt/ros/jazzy DEBUGINFOD_URLS=https://debuginfod.ubuntu.com /usr/bin/cmake /home/sirapoob/tortoNvidia_ws/src/torto_description -DAMENT_CMAKE_SYMLINK_INSTALL=1 -DCMAKE_INSTALL_PREFIX=/home/sirapoob/tortoNvidia_ws/install/torto_description
[0.709s] DEBUG:colcon.colcon_core.event_handler.log_command:Invoking command in '/home/sirapoob/tortoNvidia_ws/build/torto_description': CMAKE_PREFIX_PATH=${CMAKE_PREFIX_PATH}:/home/sirapoob/ros2Study_ws/install/my_py_pkg:/opt/ros/jazzy DEBUGINFOD_URLS=https://debuginfod.ubuntu.com /usr/bin/cmake --build /home/sirapoob/tortoNvidia_ws/build/torto_description -- -j16 -l16
[0.738s] DEBUG:colcon.colcon_core.event_handler.log_command:Invoked command in '/home/sirapoob/tortoNvidia_ws/build/torto_description' returned '0': CMAKE_PREFIX_PATH=${CMAKE_PREFIX_PATH}:/home/sirapoob/ros2Study_ws/install/my_py_pkg:/opt/ros/jazzy DEBUGINFOD_URLS=https://debuginfod.ubuntu.com /usr/bin/cmake --build /home/sirapoob/tortoNvidia_ws/build/torto_description -- -j16 -l16
[0.746s] DEBUG:colcon.colcon_core.event_handler.log_command:Invoking command in '/home/sirapoob/tortoNvidia_ws/build/torto_description': CMAKE_PREFIX_PATH=${CMAKE_PREFIX_PATH}:/home/sirapoob/ros2Study_ws/install/my_py_pkg:/opt/ros/jazzy DEBUGINFOD_URLS=https://debuginfod.ubuntu.com /usr/bin/cmake --install /home/sirapoob/tortoNvidia_ws/build/torto_description
[0.843s] Level 1:colcon.colcon_core.environment:create_environment_scripts_only(torto_description)
[0.844s] DEBUG:colcon.colcon_core.event_handler.log_command:Invoked command in '/home/sirapoob/tortoNvidia_ws/build/torto_description' returned '0': CMAKE_PREFIX_PATH=${CMAKE_PREFIX_PATH}:/home/sirapoob/ros2Study_ws/install/my_py_pkg:/opt/ros/jazzy DEBUGINFOD_URLS=https://debuginfod.ubuntu.com /usr/bin/cmake --install /home/sirapoob/tortoNvidia_ws/build/torto_description
[0.849s] Level 1:colcon.colcon_core.environment:checking '/home/sirapoob/tortoNvidia_ws/install/torto_description' for CMake module files
[0.850s] Level 1:colcon.colcon_core.environment:checking '/home/sirapoob/tortoNvidia_ws/install/torto_description' for CMake config files
[0.850s] Level 1:colcon.colcon_core.shell:create_environment_hook('torto_description', 'cmake_prefix_path')
[0.850s] INFO:colcon.colcon_core.shell:Creating environment hook '/home/sirapoob/tortoNvidia_ws/install/torto_description/share/torto_description/hook/cmake_prefix_path.ps1'
[0.851s] INFO:colcon.colcon_core.shell:Creating environment descriptor '/home/sirapoob/tortoNvidia_ws/install/torto_description/share/torto_description/hook/cmake_prefix_path.dsv'
[0.851s] INFO:colcon.colcon_core.shell:Creating environment hook '/home/sirapoob/tortoNvidia_ws/install/torto_description/share/torto_description/hook/cmake_prefix_path.sh'
[0.852s] Level 1:colcon.colcon_core.environment:checking '/home/sirapoob/tortoNvidia_ws/install/torto_description/bin'
[0.852s] Level 1:colcon.colcon_core.environment:checking '/home/sirapoob/tortoNvidia_ws/install/torto_description/lib/pkgconfig/torto_description.pc'
[0.853s] Level 1:colcon.colcon_core.environment:checking '/home/sirapoob/tortoNvidia_ws/install/torto_description/lib/python3.12/site-packages'
[0.853s] Level 1:colcon.colcon_core.environment:checking '/home/sirapoob/tortoNvidia_ws/install/torto_description/bin'
[0.853s] INFO:colcon.colcon_core.shell:Creating package script '/home/sirapoob/tortoNvidia_ws/install/torto_description/share/torto_description/package.ps1'
[0.854s] INFO:colcon.colcon_core.shell:Creating package descriptor '/home/sirapoob/tortoNvidia_ws/install/torto_description/share/torto_description/package.dsv'
[0.854s] INFO:colcon.colcon_core.shell:Creating package script '/home/sirapoob/tortoNvidia_ws/install/torto_description/share/torto_description/package.sh'
[0.855s] INFO:colcon.colcon_core.shell:Creating package script '/home/sirapoob/tortoNvidia_ws/install/torto_description/share/torto_description/package.bash'
[0.856s] INFO:colcon.colcon_core.shell:Creating package script '/home/sirapoob/tortoNvidia_ws/install/torto_description/share/torto_description/package.zsh'
[0.856s] Level 1:colcon.colcon_core.environment:create_file_with_runtime_dependencies(/home/sirapoob/tortoNvidia_ws/install/torto_description/share/colcon-core/packages/torto_description)
[0.857s] Level 1:colcon.colcon_core.environment:create_environment_scripts_only(torto_description)
[0.857s] Level 1:colcon.colcon_core.environment:checking '/home/sirapoob/tortoNvidia_ws/install/torto_description' for CMake module files
[0.857s] Level 1:colcon.colcon_core.environment:checking '/home/sirapoob/tortoNvidia_ws/install/torto_description' for CMake config files
[0.858s] Level 1:colcon.colcon_core.shell:create_environment_hook('torto_description', 'cmake_prefix_path')
[0.858s] INFO:colcon.colcon_core.shell:Creating environment hook '/home/sirapoob/tortoNvidia_ws/install/torto_description/share/torto_description/hook/cmake_prefix_path.ps1'
[0.858s] INFO:colcon.colcon_core.shell:Creating environment descriptor '/home/sirapoob/tortoNvidia_ws/install/torto_description/share/torto_description/hook/cmake_prefix_path.dsv'
[0.858s] INFO:colcon.colcon_core.shell:Creating environment hook '/home/sirapoob/tortoNvidia_ws/install/torto_description/share/torto_description/hook/cmake_prefix_path.sh'
[0.859s] Level 1:colcon.colcon_core.environment:checking '/home/sirapoob/tortoNvidia_ws/install/torto_description/bin'
[0.859s] Level 1:colcon.colcon_core.environment:checking '/home/sirapoob/tortoNvidia_ws/install/torto_description/lib/pkgconfig/torto_description.pc'
[0.859s] Level 1:colcon.colcon_core.environment:checking '/home/sirapoob/tortoNvidia_ws/install/torto_description/lib/python3.12/site-packages'
[0.859s] Level 1:colcon.colcon_core.environment:checking '/home/sirapoob/tortoNvidia_ws/install/torto_description/bin'
[0.860s] INFO:colcon.colcon_core.shell:Creating package script '/home/sirapoob/tortoNvidia_ws/install/torto_description/share/torto_description/package.ps1'
[0.860s] INFO:colcon.colcon_core.shell:Creating package descriptor '/home/sirapoob/tortoNvidia_ws/install/torto_description/share/torto_description/package.dsv'
[0.860s] INFO:colcon.colcon_core.shell:Creating package script '/home/sirapoob/tortoNvidia_ws/install/torto_description/share/torto_description/package.sh'
[0.861s] INFO:colcon.colcon_core.shell:Creating package script '/home/sirapoob/tortoNvidia_ws/install/torto_description/share/torto_description/package.bash'
[0.861s] INFO:colcon.colcon_core.shell:Creating package script '/home/sirapoob/tortoNvidia_ws/install/torto_description/share/torto_description/package.zsh'
[0.861s] Level 1:colcon.colcon_core.environment:create_file_with_runtime_dependencies(/home/sirapoob/tortoNvidia_ws/install/torto_description/share/colcon-core/packages/torto_description)
[0.862s] DEBUG:colcon.colcon_parallel_executor.executor.parallel:closing loop
[0.862s] DEBUG:colcon.colcon_parallel_executor.executor.parallel:loop closed
[0.862s] DEBUG:colcon.colcon_parallel_executor.executor.parallel:run_until_complete finished with '0'
[0.862s] DEBUG:colcon.colcon_core.event_reactor:joining thread
[0.869s] INFO:colcon.colcon_core.plugin_system:Skipping extension 'colcon_notification.desktop_notification.terminal_notifier': Not used on non-Darwin systems
[0.870s] INFO:colcon.colcon_core.plugin_system:Skipping extension 'colcon_notification.desktop_notification.win32': Not used on non-Windows systems
[0.870s] INFO:colcon.colcon_notification.desktop_notification:Sending desktop notification using 'notify2'
[0.891s] DEBUG:colcon.colcon_core.event_reactor:joined thread
[0.891s] INFO:colcon.colcon_core.shell:Creating prefix script '/home/sirapoob/tortoNvidia_ws/install/local_setup.ps1'
[0.892s] INFO:colcon.colcon_core.shell:Creating prefix util module '/home/sirapoob/tortoNvidia_ws/install/_local_setup_util_ps1.py'
[0.893s] INFO:colcon.colcon_core.shell:Creating prefix chain script '/home/sirapoob/tortoNvidia_ws/install/setup.ps1'
[0.894s] INFO:colcon.colcon_core.shell:Creating prefix script '/home/sirapoob/tortoNvidia_ws/install/local_setup.sh'
[0.895s] INFO:colcon.colcon_core.shell:Creating prefix util module '/home/sirapoob/tortoNvidia_ws/install/_local_setup_util_sh.py'
[0.895s] INFO:colcon.colcon_core.shell:Creating prefix chain script '/home/sirapoob/tortoNvidia_ws/install/setup.sh'
[0.896s] INFO:colcon.colcon_core.shell:Creating prefix script '/home/sirapoob/tortoNvidia_ws/install/local_setup.bash'
[0.896s] INFO:colcon.colcon_core.shell:Creating prefix chain script '/home/sirapoob/tortoNvidia_ws/install/setup.bash'
[0.897s] INFO:colcon.colcon_core.shell:Creating prefix script '/home/sirapoob/tortoNvidia_ws/install/local_setup.zsh'
[0.898s] INFO:colcon.colcon_core.shell:Creating prefix chain script '/home/sirapoob/tortoNvidia_ws/install/setup.zsh'
