[0.013s] Invoking command in '/home/sirapoob/tortoNvidia_ws/build/torto_description': CMAKE_PREFIX_PATH=${CMAKE_PREFIX_PATH}:/opt/ros/jazzy:/home/sirapoob/ros2Study_ws/install/my_py_pkg:/opt/ros/humble DEBUGINFOD_URLS=https://debuginfod.ubuntu.com /usr/bin/cmake --build /home/sirapoob/tortoNvidia_ws/build/torto_description -- -j16 -l16
[0.033s] -- Found ament_cmake: 2.5.3 (/opt/ros/jazzy/share/ament_cmake/cmake)
[0.231s] -- Found ament_lint_auto: 0.17.1 (/opt/ros/jazzy/share/ament_lint_auto/cmake)
[0.326s] -- Added test 'lint_cmake' to check CMake code style
[0.326s] -- Added test 'xmllint' to check XML markup files
[0.327s] -- Configuring done (0.3s)
[0.330s] -- Generating done (0.0s)
[0.331s] -- Build files have been written to: /home/sirapoob/tortoNvidia_ws/build/torto_description
[0.347s] Invoked command in '/home/sirapoob/tortoNvidia_ws/build/torto_description' returned '0': CMAKE_PREFIX_PATH=${CMAKE_PREFIX_PATH}:/opt/ros/jazzy:/home/sirapoob/ros2Study_ws/install/my_py_pkg:/opt/ros/humble DEBUGINFOD_URLS=https://debuginfod.ubuntu.com /usr/bin/cmake --build /home/sirapoob/tortoNvidia_ws/build/torto_description -- -j16 -l16
[0.355s] Invoking command in '/home/sirapoob/tortoNvidia_ws/build/torto_description': CMAKE_PREFIX_PATH=${CMAKE_PREFIX_PATH}:/opt/ros/jazzy:/home/sirapoob/ros2Study_ws/install/my_py_pkg:/opt/ros/humble DEBUGINFOD_URLS=https://debuginfod.ubuntu.com /usr/bin/cmake --install /home/sirapoob/tortoNvidia_ws/build/torto_description
[0.360s] -- Install configuration: ""
[0.361s] -- Up-to-date: /home/sirapoob/tortoNvidia_ws/install/torto_description/share/torto_description//urdf
[0.361s] -- Installing: /home/sirapoob/tortoNvidia_ws/install/torto_description/share/torto_description//urdf/torto.urdf
[0.361s] -- Installing: /home/sirapoob/tortoNvidia_ws/install/torto_description/share/torto_description//launch
[0.361s] -- Installing: /home/sirapoob/tortoNvidia_ws/install/torto_description/share/torto_description//launch/display.launch.xml
[0.361s] -- Up-to-date: /home/sirapoob/tortoNvidia_ws/install/torto_description/share/ament_index/resource_index/package_run_dependencies/torto_description
[0.361s] -- Installing: /home/sirapoob/tortoNvidia_ws/install/torto_description/share/ament_index/resource_index/parent_prefix_path/torto_description
[0.361s] -- Up-to-date: /home/sirapoob/tortoNvidia_ws/install/torto_description/share/torto_description/environment/ament_prefix_path.sh
[0.361s] -- Up-to-date: /home/sirapoob/tortoNvidia_ws/install/torto_description/share/torto_description/environment/ament_prefix_path.dsv
[0.361s] -- Up-to-date: /home/sirapoob/tortoNvidia_ws/install/torto_description/share/torto_description/environment/path.sh
[0.361s] -- Up-to-date: /home/sirapoob/tortoNvidia_ws/install/torto_description/share/torto_description/environment/path.dsv
[0.361s] -- Up-to-date: /home/sirapoob/tortoNvidia_ws/install/torto_description/share/torto_description/local_setup.bash
[0.361s] -- Up-to-date: /home/sirapoob/tortoNvidia_ws/install/torto_description/share/torto_description/local_setup.sh
[0.362s] -- Up-to-date: /home/sirapoob/tortoNvidia_ws/install/torto_description/share/torto_description/local_setup.zsh
[0.362s] -- Up-to-date: /home/sirapoob/tortoNvidia_ws/install/torto_description/share/torto_description/local_setup.dsv
[0.362s] -- Up-to-date: /home/sirapoob/tortoNvidia_ws/install/torto_description/share/torto_description/package.dsv
[0.362s] -- Up-to-date: /home/sirapoob/tortoNvidia_ws/install/torto_description/share/ament_index/resource_index/packages/torto_description
[0.362s] -- Up-to-date: /home/sirapoob/tortoNvidia_ws/install/torto_description/share/torto_description/cmake/torto_descriptionConfig.cmake
[0.362s] -- Up-to-date: /home/sirapoob/tortoNvidia_ws/install/torto_description/share/torto_description/cmake/torto_descriptionConfig-version.cmake
[0.362s] -- Up-to-date: /home/sirapoob/tortoNvidia_ws/install/torto_description/share/torto_description/package.xml
[0.363s] Invoked command in '/home/sirapoob/tortoNvidia_ws/build/torto_description' returned '0': CMAKE_PREFIX_PATH=${CMAKE_PREFIX_PATH}:/opt/ros/jazzy:/home/sirapoob/ros2Study_ws/install/my_py_pkg:/opt/ros/humble DEBUGINFOD_URLS=https://debuginfod.ubuntu.com /usr/bin/cmake --install /home/sirapoob/tortoNvidia_ws/build/torto_description
